0 2 3 0 0 0 0 0 0 0 0
1 2 3 119.50639386305687 1.4199287177734967 250 246 0 22241 22122 0
2 2 3 161.99785470563518 2.1049834945332031 542 542 0 51277 51277 0
3 2 3 282.77238845847455 3.0820794957347584 831 830 0 81229 81144 0
4 2 3 385.57555646160108 3.9286882810685761 1139 1132 6 112887 112229 362
5 2 3 538.15974239540333 5.6701218634280428 1473 1446 15 148630 147098 656
6 2 3 452.10298111453477 4.6026099823153883 1783 1757 26 179513 178447 1066
7 2 3 84.843250153139365 1.23844796326867 2052 2026 26 204647 203581 1066
8 2 3 201.36288837895938 2.3160035255032314 2333 2307 26 234522 233456 1066
9 2 3 141.19806454600953 1.834220506376731 2639 2613 26 262430 261364 1066
10 2 3 272.7101590411113 2.8042867046860689 2938 2908 26 294118 292659 1066
11 2 3 2833.490046564837 11.986218338479587 3370 3070 286 381151 328929 50587
12 2 3 3512.4625975649146 13.535308871494655 3790 3218 561 475850 366381 107310
13 2 3 3356.6747284049698 13.54100941136263 4238 3369 856 571172 404229 163101
14 2 3 3564.7146875604462 13.531931198216897 4649 3506 1129 666325 441612 220688
15 2 3 3607.4364672335373 13.547069118415457 5062 3646 1402 759927 479024 276467
16 2 3 3894.1130891929897 13.650511969135852 5498 3778 1708 852559 516725 332778
17 2 3 3338.3267288593211 13.582411006440804 5956 3929 2013 948745 554000 389749
18 2 3 3568.6508141311838 13.573612341724818 6386 4068 2304 1042895 591542 448103
19 2 3 3500.6753788620977 13.556987358567099 6796 4214 2569 1133852 628886 500942
20 2 3 3247.2950093693257 13.600348334344247 7264 4367 2883 1230288 666615 560380
21 2 3 3700.9782683535373 13.629548103805288 7718 4504 3200 1327931 703978 620222
22 2 3 3461.6684114088202 13.590688100910114 8147 4649 3484 1422937 741581 677876
23 2 3 3207.4139151457666 13.567563254630826 8592 4803 3777 1518126 778863 736305
24 2 3 3311.1876365931375 13.543637974217791 9010 4958 4038 1610992 816473 790461
25 2 3 3552.8454080030469 13.644377251964123 9443 5097 4333 1706346 854198 850047
26 2 3 3129.4442757916308 13.518612224100167 9871 5259 4600 1801863 891557 907244
27 2 3 3423.3715503923381 13.544327362805685 10290 5403 4873 1890942 929066 959232
28 2 3 3417.9732237122503 13.449656688298511 10718 5551 5153 1984164 966349 1013306
29 2 3 3091.1476640303326 13.549949730888262 11143 5709 5421 2076347 1003811 1069824
30 2 3 3563.09816335708 13.652990889741083 11584 5851 5719 2169212 1041306 1123877
31 2 3 3720.7241993551861 13.600189112531936 11999 5988 5997 2260549 1079115 1178996
32 2 3 3198.8824325241821 13.385482403394629 12449 6143 6297 2353422 1116685 1234148
33 2 3 3149.6047985091159 13.404234889173765 12891 6297 6580 2445388 1154020 1288333
34 2 3 3284.9708093935051 13.487847367045255 13318 6446 6858 2536322 1191286 1342020
35 2 3 3964.4775002345718 13.601192785366642 13742 6576 7152 2630790 1229155 1398427
36 2 3 3285.7344757741166 13.60269538819832 14179 6727 7438 2725090 1266263 1454554
37 2 3 3419.8115123182915 13.581236062791412 14607 6872 7721 2816881 1303858 1509339
38 2 3 3629.5016336488484 13.532140665388972 15011 7013 7986 2906548 1341699 1561261
39 2 3 3294.2056553868142 13.529406098546822 15437 7161 8262 2997475 1378984 1614978
40 2 3 3577.4601920207001 13.502138728180881 15818 7300 8504 3085920 1416645 1665716
41 2 3 1174.9519314314691 6.1682084860920554 16142 7547 8590 3128963 1448148 1680464
42 2 3 214.20783177538323 2.6551669281301926 16418 7828 8590 3157128 1476664 1680464
43 2 3 268.42970364696424 2.7348549943459446 16696 8101 8590 3188179 1507262 1680464
44 2 3 220.63789400074216 2.7040854572521056 17005 8415 8590 3219445 1538981 1680464
45 2 3 312.36241934598343 3.7440419530303757 17321 8728 8590 3251047 1570389 1680464
46 2 3 391.40037569918911 4.3870613836465253 17652 9054 8592 3285317 1603950 1680612
47 2 3 290.57262150202808 3.5157824757334808 17941 9339 8595 3313397 1632199 1680839
48 2 3 144.84023632970201 1.9133068151075605 18218 9620 8595 3340597 1659633 1680839
49 2 3 204.66645019433051 2.5707096409415513 18521 9926 8595 3370373 1689534 1680839
50 2 3 247.45770706163412 2.5995220081229817 18797 10196 8595 3399096 1717405 1680839
51 2 3 150.16910426601478 1.9118518722086861 19058 10457 8595 3424393 1743198 1680839
52 2 3 372.69897513706138 4.1594081836305676 19365 10761 8602 3456404 1774472 1681763
53 2 3 99.14178245383934 1.2967726371896973 19637 11033 8602 3483432 1801561 1681763
54 2 3 339.37013657898081 3.8269356702734854 19949 11334 8612 3514042 1831527 1682426
55 2 3 204.92291770810408 2.3493961731992954 20259 11646 8612 3544110 1861679 1682426
56 2 3 143.22399985792819 1.6542547236093412 20540 11923 8612 3571768 1888929 1682426
57 2 3 225.12181485831752 2.608630892626266 20859 12224 8622 3601866 1918047 1682780
58 2 3 240.74748127718325 2.9291595633124743 21181 12559 8622 3632049 1949269 1682780
59 2 3 337.92319126952555 3.3379287246034011 21470 12848 8622 3659509 1976729 1682780
60 2 3 111.00661539436328 1.5148014722587106 21755 13131 8622 3686163 2003033 1682780
61 2 3 2775.3567659176842 12.277934853010215 22191 13310 8868 3773340 2040391 1731279
62 2 3 3227.5915308244926 13.518187845600302 22599 13467 9118 3864964 2078178 1784728
63 2 3 3471.9823168869343 13.563934904051756 23035 13615 9406 3961787 2115464 1842149
64 2 3 3915.0864393207185 13.576052151826914 23438 13745 9679 4056138 2153116 1899063
65 2 3 3332.6615882940505 13.536591060313029 23854 13891 9949 4145746 2190402 1952928
66 2 3 3393.336515008652 13.514500696100811 24272 14042 10216 4238133 2228181 2006907
67 2 3 3578.3472106771915 13.609881582240419 24710 14184 10512 4333697 2265699 2063531
68 2 3 3310.659241555567 13.499017847393404 25153 14337 10802 4427820 2303138 2119773
69 2 3 3384.3372688663649 13.54799498254819 25571 14484 11074 4522474 2340799 2179039
70 2 3 3462.3122034452549 13.605118245352628 26009 14628 11367 4615845 2377989 2233888
71 2 3 3160.8763150207346 13.516613515200561 26453 14784 11656 4706110 2415706 2287428
72 2 3 3564.1206758172839 13.554235200077457 26883 14924 11945 4797393 2452961 2340626
73 2 3 3188.1196568975656 13.534853245867893 27288 15082 12195 4888319 2490712 2394335
74 2 3 3208.3986887351607 13.545940368565354 27701 15234 12453 4976338 2528200 2445285
75 2 3 3666.3692067815518 13.613583360528082 28137 15373 12750 5071107 2565492 2501494
76 2 3 3309.3453242830383 13.554368749576383 28543 15517 13012 5160725 2602945 2555627
77 2 3 3613.3596333943678 13.567214463049922 28972 15663 13295 5252813 2640753 2608531
78 2 3 3463.7314989992578 13.593286078108747 29403 15805 13584 5351269 2678170 2670022
79 2 3 3065.0035791295518 13.496627461566916 29813 15967 13832 5439499 2715533 2720366
80 2 3 3534.9242101493633 13.618785586262248 30214 16108 14092 5528876 2753187 2772611
81 2 3 3362.8772751203778 13.533087285547637 30629 16257 14359 5620246 2790814 2827165
82 2 3 3377.6098602993634 13.573404494702828 31034 16402 14618 5710519 2828258 2880675
83 2 3 2983.2568380503353 13.473012040873755 31477 16572 14892 5804715 2865657 2935600
84 2 3 3562.3526375036404 13.579530840644281 31925 16716 15196 5898527 2903010 2991455
85 2 3 3554.5330347293075 13.592837061447398 32313 16855 15444 5985663 2940424 3041450
86 2 3 3310.1489264949782 13.526345894035927 32736 17002 15720 6077933 2978029 3097010
87 2 3 3498.8956404751066 13.587545059995549 33149 17145 15990 6167467 3015675 3149555
88 2 3 3399.6669714650884 13.542807578802297 33587 17294 16279 6260957 3053095 3204262
89 2 3 3299.6204020922687 13.521046727558698 34001 17443 16544 6350207 3090690 3256430
90 2 3 3263.6533889579296 13.536089077603734 34450 17599 16837 6444938 3128140 3313251
91 2 3 1113.6880499467818 5.8016676403840677 34752 17845 16907 6485110 3160021 3325089
92 2 3 184.19936217334609 2.230056310939375 35049 18134 16910 6514468 3188838 3325401
93 2 3 182.42371788141466 2.1564592175452901 35351 18438 16910 6542537 3217061 3325401
94 2 3 432.33742845768569 4.4315317858979597 35663 18745 16918 6574782 3248855 3325927
95 2 3 126.58998195249299 1.7308805552884792 35957 19038 16918 6603107 3277128 3325927
96 2 3 192.83882992972434 2.3623060050983611 36258 19328 16927 6633983 3307232 3326553
97 2 3 206.25479644175326 2.4001384009318656 36540 19609 16927 6661518 3334606 3326553
98 2 3 197.49308671697673 2.3812528440301151 36833 19896 16929 6691084 3363668 3326846
99 2 3 233.10446059551907 2.7664015920307321 37124 20191 16930 6718785 3391267 3326950
