0 2 3 0 0 0 0 0 0 0 0
1 2 3 155.7503999999999 0.14975999999999989 6 6 0 4240 4240 0
2 2 3 623.00160000000233 0.59904000000000224 14 14 0 12560 12560 0
3 2 3 2986.1311999999816 2.8712799999999827 38 34 0 37520 33360 0
4 2 3 8338.6159999999836 8.0178999999999867 78 58 11 79120 58320 11440
5 2 3 5203.4319999999079 5.0032999999999124 92 79 13 93680 80160 13520
6 2 3 51.916800000000194 0.049920000000000186 96 83 13 97840 84320 13520
7 2 3 740.9376000000027 0.71244000000000263 111 96 13 113440 97840 13520
8 2 3 2821.6031999999946 2.7130799999999944 135 118 13 138400 120720 13520
9 2 3 3147.1648000001996 3.0261200000001924 157 142 13 161280 145680 13520
10 2 3 4017.0832000002688 3.862580000000257 184 166 13 189360 170640 13520
11 2 3 5662.2557117444749 8.0792550620007937 258 200 49 240448 195440 38288
12 2 3 5579.3360556546995 8.1457863587005885 308 236 64 272384 220208 47552
13 2 3 3246.3283848705278 6.0735770017002739 359 282 70 299552 245344 50624
14 2 3 4156.0990437061564 7.5258765697386902 414 328 78 330352 270480 55248
15 2 3 4810.5101942668225 8.2959677231775064 481 372 101 368880 295648 68608
16 2 3 4087.7200677659348 7.7802801323554505 539 418 115 399104 320256 75776
17 2 3 2789.9209985606562 5.2016469503138829 588 465 116 425248 345376 76288
18 2 3 3417.3885161026792 6.1124731955128304 641 511 123 455552 370512 80400
19 2 3 3178.8679429178628 5.6477883260117459 687 555 124 481216 395680 80912
20 2 3 4317.5088480206305 7.7119763437906705 748 598 141 514560 420336 89616
21 2 3 4093.9078651125637 7.5474437990480823 809 644 156 547904 445472 97824
22 2 3 4371.4790060275272 7.7961430586473348 871 689 175 582288 470624 107552
23 2 3 4351.2727443375998 7.8452827037843811 925 735 181 611520 495232 110624
24 2 3 4494.3657502788865 7.8485099810139545 989 779 202 646400 520400 121376
25 2 3 4410.6326487819351 7.8611887671527931 1043 823 212 676688 545568 127024
26 2 3 3746.7464594852954 6.848789803681921 1102 867 226 710064 570208 134720
27 2 3 4110.0705397861111 7.2902615230198826 1170 912 251 748576 595888 148576
28 2 3 4223.7813270624511 7.4083410294184056 1232 956 267 782960 620528 156768
29 2 3 4124.8780707301903 7.2796443568955986 1285 1001 278 812736 646208 162928
30 2 3 4113.5121812357629 7.1696034789762386 1341 1043 289 844576 670352 169088
31 2 3 3754.4249588234866 6.6013131227029334 1390 1087 297 871776 695520 173184
32 2 3 4380.2015259453647 7.5225936053622711 1448 1131 309 904112 720688 179328
33 2 3 3571.4884145264668 6.4855133096220641 1499 1174 320 932864 745344 184960
34 2 3 3690.0280004096749 6.336875938300139 1549 1218 328 961632 770512 189584
35 2 3 3901.738034117494 6.597788347884098 1604 1260 335 994544 795712 193168
36 2 3 4163.1213529804427 7.0384663925398954 1651 1303 344 1021776 820368 198304
37 2 3 4159.7434358572264 7.2431926481602602 1707 1345 354 1053088 845568 203424
38 2 3 4369.3275921301156 7.6840929533791495 1758 1388 361 1081840 870224 207008
39 2 3 4878.4096499316092 8.202080097520934 1824 1431 384 1120384 895408 219312
40 2 3 4396.6242323600791 7.2946085788291128 1877 1474 397 1151216 921120 226496
41 2 3 1040.7361824972286 1.7057197314407588 1889 1492 397 1161056 934560 226496
42 2 3 51.916800000000194 0.049920000000000186 1893 1496 397 1165216 938720 226496
43 2 3 69.222400000002722 0.066560000000002617 1900 1503 397 1172496 946000 226496
44 2 3 207.66720000000817 0.19968000000000785 1911 1514 397 1183936 957440 226496
45 2 3 51.916800000000194 0.049920000000000186 1922 1525 397 1195376 968880 226496
46 2 3 291.26240000112205 0.28006000000107889 1942 1544 397 1216176 988640 226496
47 2 3 263.18239999902232 0.25305999999905993 1961 1564 397 1235936 1009440 226496
48 2 3 1066.3536000011086 1.0253400000010657 1983 1585 397 1258816 1031280 226496
49 2 3 1740.2736000018147 1.673340000001744 2008 1609 397 1284816 1056240 226496
50 2 3 3934.6112000054964 3.7832800000052842 2036 1633 397 1313936 1081200 226496
51 2 3 6167.5744000032901 5.9303600000031622 2062 1657 397 1340976 1106160 226496
52 2 3 8117.3248000014983 7.8051200000014447 2088 1682 398 1368016 1132160 227536
53 2 3 8459.7760000014569 8.1344000000014063 2114 1706 400 1395056 1157120 229616
54 2 3 6090.7391999952979 5.8564799999954786 2127 1727 400 1408576 1178960 229616
55 2 3 207.66720000000078 0.19968000000000075 2135 1735 400 1416896 1187280 229616
56 2 3 501.924800001172 0.48262000000112693 2148 1747 400 1430416 1199760 229616
57 2 3 1430.1040000008015 1.3751000000007707 2170 1768 400 1453296 1221600 229616
58 2 3 1144.1664000000617 1.1001600000000593 2193 1791 400 1477216 1245520 229616
59 2 3 1730.6224000020907 1.66406000000201 2218 1815 400 1503216 1270480 229616
60 2 3 4152.4704000028269 3.9927600000027184 2244 1839 400 1530256 1295440 229616
61 2 3 5896.8643853266676 7.845857002591508 2310 1871 431 1577776 1320800 251296
62 2 3 5230.2123066790737 8.3453340364840827 2375 1909 457 1616336 1345536 266192
63 2 3 4121.6787343248116 7.4923300279769975 2437 1956 473 1650720 1370656 274912
64 2 3 4524.6643281805791 7.7296725159777182 2497 2000 491 1685136 1395824 285184
65 2 3 4257.0402895784737 7.3189836905828543 2549 2042 499 1714928 1420496 289808
66 2 3 3798.8697828822665 6.7898419196911561 2598 2087 504 1742128 1446176 292368
67 2 3 2794.4303979384586 5.1986568709723286 2642 2131 504 1766240 1470288 292368
68 2 3 3785.7245099854053 6.5208131835642291 2697 2176 514 1797040 1495440 298016
69 2 3 3475.5477239942215 6.2974691484255203 2745 2222 519 1823200 1520576 300576
70 2 3 3283.5601080606393 5.8206883360543884 2794 2266 521 1850400 1545216 301600
71 2 3 4808.4890544874861 8.3933301845446948 2867 2310 549 1890944 1570384 316464
72 2 3 4288.9793303323777 7.6125708795558893 2923 2355 560 1922784 1595536 322624
73 2 3 4255.0723176947831 7.396979995494803 2976 2398 572 1952032 1620192 328768
74 2 3 3616.2712744080377 6.1680079578287632 3024 2441 575 1980304 1645376 330304
75 2 3 4559.1618807789127 7.8538311733973671 3087 2484 595 2016256 1670560 340544
76 2 3 4907.685903385749 8.3208259050470303 3171 2526 636 2063488 1695232 363120
77 2 3 3815.4177553551908 6.8843053034271833 3224 2571 649 2094320 1720384 371360
78 2 3 2484.1832385485168 4.3767822627863922 3269 2615 649 2119472 1745552 371360
79 2 3 4343.757986704014 7.5462073177798459 3321 2658 658 2148736 1770208 375968
80 2 3 3671.2913211568762 6.6081089866371059 3376 2703 665 2180592 1795360 380608
81 2 3 3595.630422412868 5.9988081687735644 3422 2746 668 2207840 1821072 382144
82 2 3 4647.2061402184318 8.2265563676092768 3494 2788 697 2247872 1845216 398048
83 2 3 4303.2095083979648 7.9780160710890868 3557 2834 715 2282768 1870352 408320
84 2 3 3667.0776359933334 6.8901760077987149 3607 2881 718 2309424 1895472 409856
85 2 3 4205.8398452545716 7.8821384477614771 3674 2928 738 2346368 1920592 421680
86 2 3 2002.2055501541558 3.7320036986208436 3720 2973 738 2370976 1944688 421680
87 2 3 4245.9494589697497 7.6252560205245032 3778 3018 753 2402784 1969840 429360
88 2 3 3494.6627350852496 6.0180031544622494 3831 3061 766 2432560 1994496 436016
89 2 3 3593.4216931449082 6.289876877690304 3884 3105 772 2463920 2019664 440144
90 2 3 3644.7192135893265 6.0510422140405637 3930 3148 775 2490640 2044848 441680
91 2 3 1050.0170122973184 1.709974343874336 3946 3163 783 2501472 2055168 446304
92 2 3 25.958400000007487 0.024960000000007199 3952 3169 783 2507712 2061408 446304
93 2 3 207.66720000003033 0.19968000000002917 3962 3179 783 2518112 2071808 446304
94 2 3 121.13920000002508 0.11648000000002412 3976 3193 783 2532672 2086368 446304
95 2 3 67.891199999764922 0.065279999999773963 3989 3206 783 2546192 2099888 446304
96 2 3 354.76480000003335 0.34112000000003206 4010 3227 783 2568032 2121728 446304
97 2 3 901.43908984349537 0.86676835561874555 4032 3248 783 2590912 2143568 446304
98 2 3 1262.8598898437053 1.2142883556189474 4056 3271 783 2615872 2167488 446304
99 2 3 3161.3677796877619 3.0397767112382326 4082 3295 783 2642912 2192448 446304
