0 1 2 0 0 0 0 0 0 0 0
1 1 2 155.7503999999999 0.14975999999999989 6 6 0 4240 4240 0
2 1 2 623.00160000000233 0.59904000000000224 14 14 0 12560 12560 0
3 1 2 2986.1311999999816 2.8712799999999827 38 34 0 37520 33360 0
4 1 2 8338.6159999999836 8.0178999999999867 78 58 11 79120 58320 11440
5 1 2 5203.4319999999079 5.0032999999999124 92 79 13 93680 80160 13520
6 1 2 51.916800000000194 0.049920000000000186 96 83 13 97840 84320 13520
7 1 2 740.9376000000027 0.71244000000000263 111 96 13 113440 97840 13520
8 1 2 2821.6031999999946 2.7130799999999944 135 118 13 138400 120720 13520
9 1 2 3147.1648000001996 3.0261200000001924 157 142 13 161280 145680 13520
10 1 2 4017.0832000002688 3.862580000000257 184 166 13 189360 170640 13520
11 1 2 6208.7792000002837 5.9699800000002714 209 190 13 215360 195600 13520
12 1 2 7956.7072000002099 7.6506800000002055 235 214 13 242400 220560 13520
13 1 2 8459.7760000003054 8.1344000000002978 261 238 15 269440 245520 15600
14 1 2 6219.5328000010386 5.9803200000010008 275 260 15 284000 268400 15600
15 1 2 51.916800000000194 0.049920000000000186 279 264 15 288160 272560 15600
16 1 2 588.39040000000841 0.56576000000000803 294 279 15 303760 288160 15600
17 1 2 872.66399999983582 0.83909999999984208 315 299 15 325600 308960 15600
18 1 2 535.0800000000313 0.51450000000003016 336 321 15 347440 331840 15600
19 1 2 1085.1151999992162 1.0433799999992459 363 345 15 375520 356800 15600
20 1 2 3426.5711999994414 3.2947799999994629 388 369 15 401520 381760 15600
21 1 2 5424.0991999994048 5.2154799999994275 414 393 15 428560 406720 15600
22 1 2 7637.2191999994566 7.3434799999994738 440 417 15 455600 431680 15600
23 1 2 8459.7759999995142 8.1343999999995305 466 441 17 482640 456640 17680
24 1 2 6147.8975999994182 5.9114399999994411 487 465 18 504480 481600 18720
25 1 2 393.78559999976062 0.37863999999976983 491 473 18 508640 489920 18720
26 1 2 625.39360000004115 0.60134000000003951 506 487 18 524240 504480 18720
27 1 2 1104.8335999997846 1.0623399999997929 521 503 18 539840 521120 18720
28 1 2 687.96000000004437 0.66150000000004283 546 527 18 565840 546080 18720
29 1 2 1506.3151999997312 1.4483799999997409 571 551 18 591840 571040 18720
30 1 2 3447.9951999997538 3.3153799999997631 598 575 18 619920 596000 18720
31 1 2 5798.4991999997328 5.5754799999997431 624 599 18 646960 620960 18720
32 1 2 7867.1215999996475 7.5645399999996563 650 623 19 674000 645920 19760
33 1 2 8433.8176000006624 8.1094400000006388 675 647 20 700000 670880 20800
34 1 2 5668.4784000005966 5.4504600000005752 692 671 20 717680 695840 20800
35 1 2 352.49760000017091 0.33894000000016433 701 679 20 727040 704160 20800
36 1 2 879.13279999985321 0.84531999999985885 711 691 20 737440 716640 20800
37 1 2 839.32160000004501 0.80704000000004328 726 706 20 753040 732240 20800
38 1 2 466.98080000017455 0.44902000000016784 750 729 20 778000 756160 20800
39 1 2 1415.1280000011398 1.3607000000010956 776 754 20 805040 782160 20800
40 1 2 2709.1168000016623 2.6049200000015986 802 778 20 832080 807120 20800
41 1 2 5095.2928000015554 4.8993200000014951 828 802 20 859120 832080 20800
42 1 2 7221.8848000014314 6.9441200000013765 854 826 20 886160 857040 20800
43 1 2 8459.7760000014605 8.1344000000014063 880 850 22 913200 882000 22880
44 1 2 7199.6080000018892 6.922700000001818 901 874 22 935040 906960 22880
45 1 2 872.28960000125028 0.83874000000120219 906 884 22 940240 917360 22880
46 1 2 283.60799999983783 0.27269999999984407 916 893 22 950640 926720 22880
47 1 2 841.25600000021564 0.80890000000020734 934 912 22 969360 946480 22880
48 1 2 124.46720000049027 0.11968000000047141 956 934 22 992240 969360 22880
49 1 2 1044.3888000006098 1.0042200000005863 981 958 22 1018240 994320 22880
50 1 2 2777.3408000010736 2.6705200000010336 1007 982 22 1045280 1019280 22880
51 1 2 4800.224000000333 4.6156000000003203 1035 1006 22 1074400 1044240 22880
52 1 2 7077.1168000007074 6.8049200000006778 1061 1030 22 1101440 1069200 22880
53 1 2 8435.4816000013961 8.1110400000013456 1086 1054 23 1127440 1094160 23920
54 1 2 7141.9088000038519 6.8672200000037051 1108 1079 25 1150320 1120160 26000
55 1 2 1669.0752000026837 1.6048800000025807 1116 1091 25 1158640 1132640 26000
56 1 2 320.15360000000612 0.30784000000000589 1126 1101 25 1169040 1143040 26000
57 1 2 1340.9759999993726 1.2893999999993966 1147 1120 25 1190880 1162800 26000
58 1 2 752.66880000116771 0.7237200000011228 1165 1140 25 1209600 1183600 26000
59 1 2 1107.9536000000433 1.0653400000000417 1190 1164 25 1235600 1208560 26000
60 1 2 2690.2095999998423 2.5867399999998497 1217 1188 25 1263680 1233520 26000
61 1 2 5191.8048000002509 4.9921200000002415 1243 1212 25 1290720 1258480 26000
62 1 2 7361.6608000001297 7.0785200000001254 1269 1236 25 1317760 1283440 26000
63 1 2 8459.7760000014605 8.1344000000014063 1295 1260 27 1344800 1308400 28080
64 1 2 6753.0528000030044 6.493320000002889 1317 1284 27 1367680 1333360 28080
65 1 2 1286.2304000054871 1.2367600000052761 1322 1295 27 1372880 1344800 28080
66 1 2 620.46399999828054 0.59659999999834668 1335 1306 27 1386400 1356240 28080
67 1 2 1248.0000000000621 1.2000000000000597 1352 1323 27 1404080 1373920 28080
68 1 2 545.6672000018807 0.52468000000180837 1370 1343 27 1422800 1394720 28080
69 1 2 853.42399999852091 0.8205999999985778 1396 1367 27 1449840 1419680 28080
70 1 2 2352.2927999999556 2.2618199999999575 1421 1391 27 1475840 1444640 28080
71 1 2 4402.0703999989064 4.2327599999989474 1447 1415 27 1502880 1469600 28080
72 1 2 6658.4543999987882 6.4023599999988363 1473 1439 27 1529920 1494560 28080
73 1 2 8361.9951999998229 8.0403799999998284 1499 1463 28 1556960 1519520 29120
74 1 2 8068.2160000046479 7.7579000000044687 1521 1487 29 1579840 1544480 30160
75 1 2 2276.372800006865 2.1888200000066007 1531 1502 29 1590240 1560080 30160
76 1 2 257.71199999738201 0.2477999999974827 1541 1510 29 1600640 1568400 30160
77 1 2 823.88800000274273 0.79220000000263724 1556 1527 29 1616240 1586080 30160
78 1 2 193.6896000003378 0.18624000000032481 1577 1548 29 1638080 1607920 30160
79 1 2 741.54079999892133 0.71301999999896282 1602 1572 29 1664080 1632880 30160
80 1 2 2215.5743999981482 2.1303599999982197 1628 1596 29 1691120 1657840 30160
81 1 2 4212.3743999980179 4.0503599999980935 1654 1620 29 1718160 1682800 30160
82 1 2 6468.7583999978997 6.2199599999979824 1680 1644 29 1745200 1707760 30160
83 1 2 8223.8831999993745 7.907579999999399 1706 1668 30 1772240 1732720 31200
84 1 2 8248.9264000059793 7.9316600000057491 1729 1692 32 1796160 1757680 33280
85 1 2 2834.4784000092495 2.7254600000088942 1743 1711 32 1810720 1777440 33280
86 1 2 181.70880000005241 0.17472000000005039 1749 1717 32 1816960 1783680 33280
87 1 2 892.02879999651259 0.85771999999664672 1767 1733 32 1835680 1800320 33280
88 1 2 1126.5280000003008 1.0832000000002893 1789 1755 32 1858560 1823200 33280
89 1 2 1018.6384000019837 0.97946000000190736 1811 1778 32 1881440 1847120 33280
90 1 2 2069.1423999972631 1.9895599999973683 1837 1802 32 1908480 1872080 33280
91 1 2 4541.8463999971636 4.3671599999972699 1863 1826 32 1935520 1897040 33280
92 1 2 6754.9663999970398 6.4951599999971563 1889 1850 32 1962560 1922000 33280
93 1 2 8345.355199998945 8.0243799999989847 1915 1874 33 1989600 1946960 34320
94 1 2 7598.9680000072503 7.3067000000069697 1937 1898 34 2012480 1971920 35360
95 1 2 2735.3040000113197 2.6301000000108843 1949 1915 34 2024960 1989600 35360
96 1 2 337.45920000003821 0.32448000000003674 1955 1921 34 2031200 1995840 35360
97 1 2 813.42559999788477 0.78213999999796613 1971 1936 34 2047840 2011440 35360
98 1 2 1104.2304000000661 1.0617600000000635 1992 1957 34 2069680 2033280 35360
99 1 2 699.87840000015126 0.67296000000014544 2016 1981 34 2094640 2058240 35360
